<?xml version="1.0" encoding="UTF-8"?>
<!-- Generated by org.testng.reporters.JUnitReportReporter -->
<testsuite hostname="SYAM-DS0F3D813" name="test.ReadWriteExcel" tests="1" failures="0" timestamp="10 May 2018 10:57:17 GMT" time="42.656" errors="0">
  <testcase name="ReadData" time="42.656" classname="test.ReadWriteExcel"/>
</testsuite> <!-- test.ReadWriteExcel -->
